Build started 01.11.2015 21:29:32.
     1>Project "C:\Users\Liza\mp2-lab2-matrix\sln\vc10\sample_utmatrix.vcxproj" on node 2 (build target(s)).
     1>InitializeBuildStatus:
         Touching "Release\sample_utmatrix.unsuccessfulbuild".
       ClCompile:
         c:\Program Files (x86)\Microsoft Visual Studio 10.0\VC\bin\CL.exe /c /I../../include /Zi /nologo /W3 /WX- /O2 /Oi /Oy- /GL /D WIN32 /D NDEBUG /D _CONSOLE /D _UNICODE /D UNICODE /Gm- /EHsc /MD /GS /Gy /fp:precise /Zc:wchar_t /Zc:forScope /Fo"Release\\" /Fd"Release\vc100.pdb" /Gd /TP /analyze- /errorReport:prompt ..\..\samples\sample_matrix.cpp
         sample_matrix.cpp
     1>c:\users\liza\mp2-lab2-matrix\include\utmatrix.h(247): error C4430: missing type specifier - int assumed. Note: C++ does not support default-int
                 c:\users\liza\mp2-lab2-matrix\include\utmatrix.h(261) : see reference to class template instantiation 'TMatrix<ValType>' being compiled
     1>c:\users\liza\mp2-lab2-matrix\include\utmatrix.h(247): error C2143: syntax error : missing ',' before '&'
     1>c:\users\liza\mp2-lab2-matrix\include\utmatrix.h(385): error C2244: 'TMatrix<ValType>::operator *' : unable to match function definition to an existing declaration
                 c:\users\liza\mp2-lab2-matrix\include\utmatrix.h(247) : see declaration of 'TMatrix<ValType>::operator *'
                 definition
                 'TMatrix<ValType> TMatrix<ValType>::operator *(const TMatrix<ValType> &)'
                 existing declarations
                 'TMatrix<ValType> TMatrix<ValType>::operator *(const int)'
     1>c:\users\liza\mp2-lab2-matrix\include\utmatrix.h(247): error C4430: missing type specifier - int assumed. Note: C++ does not support default-int
                 ..\..\samples\sample_matrix.cpp(17) : see reference to class template instantiation 'TMatrix<ValType>' being compiled
                 with
                 [
                     ValType=int
                 ]
     1>c:\users\liza\mp2-lab2-matrix\include\utmatrix.h(247): error C2143: syntax error : missing ',' before '&'
     1>Done Building Project "C:\Users\Liza\mp2-lab2-matrix\sln\vc10\sample_utmatrix.vcxproj" (build target(s)) -- FAILED.

Build FAILED.

Time Elapsed 00:00:00.80
