Build started 03.11.2015 0:17:03.
     1>Project "C:\Users\Liza\mp2-lab2-matrix\sln\vc10\test_utmatrix.vcxproj" on node 3 (build target(s)).
     1>InitializeBuildStatus:
         Creating "Release\test_utmatrix.unsuccessfulbuild" because "AlwaysCreate" was specified.
       ClCompile:
         c:\Program Files (x86)\Microsoft Visual Studio 10.0\VC\bin\CL.exe /c /I../../gtest /I../../include /Zi /nologo /W3 /WX- /O2 /Oi /Oy- /GL /D WIN32 /D NDEBUG /D _CONSOLE /D _UNICODE /D UNICODE /Gm- /EHsc /MD /GS /Gy /fp:precise /Zc:wchar_t /Zc:forScope /Fo"Release\\" /Fd"Release\vc100.pdb" /Gd /TP /analyze- /errorReport:prompt ..\..\test\test_time.cpp
         test_time.cpp
     1>..\..\test\test_time.cpp(26): error C2065: 'TMatrix' : undeclared identifier
     1>..\..\test\test_time.cpp(26): error C2062: type 'int' unexpected
     1>..\..\test\test_time.cpp(27): error C2065: 'a' : undeclared identifier
     1>..\..\test\test_time.cpp(27): error C2228: left of '.GetSize' must have class/struct/union
                 type is ''unknown-type''
     1>..\..\test\test_time.cpp(28): error C2065: 'a' : undeclared identifier
     1>..\..\test\test_time.cpp(31): error C2065: 'b' : undeclared identifier
     1>..\..\test\test_time.cpp(31): error C2065: 'a' : undeclared identifier
     1>..\..\test\test_time.cpp(31): error C2065: 'a' : undeclared identifier
     1>Done Building Project "C:\Users\Liza\mp2-lab2-matrix\sln\vc10\test_utmatrix.vcxproj" (build target(s)) -- FAILED.

Build FAILED.

Time Elapsed 00:00:03.76
