Build started 01.11.2015 16:57:38.
     1>Project "C:\Users\Liza\mp2-lab2-matrix\sln\vc10\test_utmatrix.vcxproj" on node 2 (build target(s)).
     1>InitializeBuildStatus:
         Touching "Debug\test_utmatrix.unsuccessfulbuild".
       ClCompile:
         c:\Program Files (x86)\Microsoft Visual Studio 10.0\VC\bin\CL.exe /c /I../../gtest /I../../include /ZI /nologo /W3 /WX- /Od /Oy- /D WIN32 /D _DEBUG /D _CONSOLE /D _UNICODE /D UNICODE /Gm /EHsc /RTC1 /MDd /GS /fp:precise /Zc:wchar_t /Zc:forScope /Fo"Debug\\" /Fd"Debug\vc100.pdb" /Gd /TP /analyze- /errorReport:prompt ..\..\test\test_tmatrix.cpp
         test_tmatrix.cpp
     1>c:\users\liza\mp2-lab2-matrix\test\test_tmatrix.cpp(34): error C2374: 'm2' : redefinition; multiple initialization
                 c:\users\liza\mp2-lab2-matrix\test\test_tmatrix.cpp(30) : see declaration of 'm2'
     1>c:\users\liza\mp2-lab2-matrix\test\test_tmatrix.cpp(36): error C2088: '[' : illegal for class
     1>c:\users\liza\mp2-lab2-matrix\test\test_tmatrix.cpp(36): error C2512: 'testing::AssertionResult' : no appropriate default constructor available
     1>c:\users\liza\mp2-lab2-matrix\test\test_tmatrix.cpp(37): error C2088: '[' : illegal for class
     1>c:\users\liza\mp2-lab2-matrix\test\test_tmatrix.cpp(37): error C2512: 'testing::AssertionResult' : no appropriate default constructor available
     1>Done Building Project "C:\Users\Liza\mp2-lab2-matrix\sln\vc10\test_utmatrix.vcxproj" (build target(s)) -- FAILED.

Build FAILED.

Time Elapsed 00:00:02.33
